<?xml version="1.0" encoding="UTF-8"?>
<!-- Generated by org.testng.reporters.JUnitReportReporter -->
<testsuite skipped="0" hostname="DESKTOP-NOCAGUG" name="com.testing.GCRShop" tests="1" failures="0" timestamp="19 Jun 2018 23:59:46 GMT" time="14.711" errors="0">
  <testcase name="test1" time="14.711" classname="com.testing.GCRShop"/>
</testsuite> <!-- com.testing.GCRShop -->
